This is XeTeX, Version 3.141592653-2.6-0.999993 (TeX Live 2022/dev/Debian) (preloaded format=xelatex 2025.11.17)  17 NOV 2025 18:15
entering extended mode
 restricted \write18 enabled.
 %&-line parsing enabled.
**report.tex
(./report.tex
LaTeX2e <2021-11-15> patch level 1
L3 programming layer <2022-01-21>
(/usr/share/texlive/texmf-dist/tex/latex/base/article.cls
Document Class: article 2021/10/04 v1.4n Standard LaTeX document class
(/usr/share/texlive/texmf-dist/tex/latex/base/size12.clo
File: size12.clo 2021/10/04 v1.4n Standard LaTeX file (size option)
)
\c@part=\count181
\c@section=\count182
\c@subsection=\count183
\c@subsubsection=\count184
\c@paragraph=\count185
\c@subparagraph=\count186
\c@figure=\count187
\c@table=\count188
\abovecaptionskip=\skip47
\belowcaptionskip=\skip48
\bibindent=\dimen138
)
(/usr/share/texlive/texmf-dist/tex/latex/fontspec/fontspec.sty
(/usr/share/texlive/texmf-dist/tex/latex/l3packages/xparse/xparse.sty
(/usr/share/texlive/texmf-dist/tex/latex/l3kernel/expl3.sty
Package: expl3 2022-01-21 L3 programming layer (loader) 

(/usr/share/texlive/texmf-dist/tex/latex/l3backend/l3backend-xetex.def
File: l3backend-xetex.def 2022-01-12 L3 backend support: XeTeX

(|extractbb --version)
\c__kernel_sys_dvipdfmx_version_int=\count189
\l__color_backend_stack_int=\count190
\g__color_backend_stack_int=\count191
\g__graphics_track_int=\count192
\l__pdf_internal_box=\box50
\g__pdf_backend_object_int=\count193
\g__pdf_backend_annotation_int=\count194
\g__pdf_backend_link_int=\count195
))
Package: xparse 2022-01-12 L3 Experimental document command parser
)
Package: fontspec 2022/01/15 v2.8a Font selection for XeLaTeX and LuaLaTeX

(/usr/share/texlive/texmf-dist/tex/latex/fontspec/fontspec-xetex.sty
Package: fontspec-xetex 2022/01/15 v2.8a Font selection for XeLaTeX and LuaLaTe
X
\l__fontspec_script_int=\count196
\l__fontspec_language_int=\count197
\l__fontspec_strnum_int=\count198
\l__fontspec_tmp_int=\count199
\l__fontspec_tmpa_int=\count266
\l__fontspec_tmpb_int=\count267
\l__fontspec_tmpc_int=\count268
\l__fontspec_em_int=\count269
\l__fontspec_emdef_int=\count270
\l__fontspec_strong_int=\count271
\l__fontspec_strongdef_int=\count272
\l__fontspec_tmpa_dim=\dimen139
\l__fontspec_tmpb_dim=\dimen140
\l__fontspec_tmpc_dim=\dimen141

(/usr/share/texlive/texmf-dist/tex/latex/base/fontenc.sty
Package: fontenc 2021/04/29 v2.0v Standard LaTeX package
)
(/usr/share/texlive/texmf-dist/tex/latex/fontspec/fontspec.cfg)))
(/usr/share/texlive/texmf-dist/tex/latex/polyglossia/polyglossia.sty
Package: polyglossia 2021/04/12 v1.53 Modern multilingual typesetting with XeLa
TeX and LuaLaTeX

(/usr/share/texlive/texmf-dist/tex/latex/etoolbox/etoolbox.sty
Package: etoolbox 2020/10/05 v2.5k e-TeX tools for LaTeX (JAW)
\etb@tempcnta=\count273
)
(/usr/share/texlive/texmf-dist/tex/latex/makecmds/makecmds.sty
Package: makecmds 2009/09/03 v1.0a extra command making commands
)
(/usr/share/texlive/texmf-dist/tex/latex/xkeyval/xkeyval.sty
Package: xkeyval 2020/11/20 v2.8 package option processing (HA)

(/usr/share/texlive/texmf-dist/tex/generic/xkeyval/xkeyval.tex
(/usr/share/texlive/texmf-dist/tex/generic/xkeyval/xkvutils.tex
\XKV@toks=\toks16
\XKV@tempa@toks=\toks17

(/usr/share/texlive/texmf-dist/tex/generic/xkeyval/keyval.tex))
\XKV@depth=\count274
File: xkeyval.tex 2014/12/03 v2.7a key=value parser (HA)
))
(/usr/share/texlive/texmf-dist/tex/generic/iftex/iftex.sty
Package: iftex 2020/03/06 v1.0d TeX engine tests
)
(/usr/share/texlive/texmf-dist/tex/latex/l3packages/l3keys2e/l3keys2e.sty
Package: l3keys2e 2022-01-12 LaTeX2e option processing using LaTeX3 keys
)

LaTeX hooks Warning: Generic hook 'file/after/tracklang.sty' is deprecated.
(hooks)              Use hook 'file/tracklang.sty/after' instead.


LaTeX hooks Warning: Generic hook 'package/after/bidi' is deprecated.
(hooks)              Use hook 'package/bidi/after' instead.


LaTeX hooks Warning: Generic hook 'package/after/luabidi' is deprecated.
(hooks)              Use hook 'package/luabidi/after' instead.

\xpg@normalclass=\XeTeXcharclass1
(/usr/share/texlive/texmf-dist/tex/latex/polyglossia/gloss-latex.ldf
File: gloss-latex.ldf polyglossia: module for default language
The property list \polyglossia@langsetup contains the pairs (without outer
braces):
>  {latex/script}  =>  {latin}
>  {latex/lcscript}  =>  {latin}
>  {latex/scripttag}  =>  {}
>  {latex/language}  =>  {Latex}
>  {latex/langtag}  =>  {ENG}
>  {latex/bcp47}  =>  {}
>  {latex/hyphennames}  =>  {english}
>  {latex/direction}  =>  {LR}
>  {latex/hyphenmins}  =>  {2,3}
>  {latex/frenchspacing}  =>  {false}
>  {latex/indentfirst}  =>  {false}
>  {latex/fontsetup}  =>  {true}
>  {latex/envname}  =>  {latex}
>  {latex/babelname}  =>  {latex}
>  {latex/localnumeral}  =>  {polyglossia@C@localnumeral}
>  {latex/Localnumeral}  =>  {polyglossia@C@localnumeral}.
)
Package polyglossia Info: Default language is latex.
)
(/usr/share/texlive/texmf-dist/tex/latex/polyglossia/gloss-russian.ldf
File: gloss-russian.ldf polyglossia: module for russian

(/usr/share/texlive/texmf-dist/tex/latex/polyglossia/xpg-cyrillicnumbers.sty
Package: xpg-cyrillicnumbers 2019/11/15 v0.2 Formatting of Cyrillic alphabetic 
numbers
)
The property list \polyglossia@langsetup contains the pairs (without outer
braces):
>  {latex/script}  =>  {latin}
>  {latex/lcscript}  =>  {latin}
>  {latex/scripttag}  =>  {}
>  {latex/language}  =>  {Latex}
>  {latex/langtag}  =>  {ENG}
>  {latex/bcp47}  =>  {}
>  {latex/hyphennames}  =>  {english}
>  {latex/direction}  =>  {LR}
>  {latex/hyphenmins}  =>  {2,3}
>  {latex/frenchspacing}  =>  {false}
>  {latex/indentfirst}  =>  {false}
>  {latex/fontsetup}  =>  {true}
>  {latex/envname}  =>  {latex}
>  {latex/babelname}  =>  {latex}
>  {latex/localnumeral}  =>  {polyglossia@C@localnumeral}
>  {latex/Localnumeral}  =>  {polyglossia@C@localnumeral}
>  {russian/script}  =>  {Cyrillic}
>  {russian/lcscript}  =>  {cyrillic}
>  {russian/scripttag}  =>  {cyrl}
>  {russian/language}  =>  {Russian}
>  {russian/langtag}  =>  {RUS}
>  {russian/bcp47}  =>  {ru}
>  {russian/hyphennames}  =>  {russian}
>  {russian/direction}  =>  {LR}
>  {russian/hyphenmins}  =>  {2,2}
>  {russian/frenchspacing}  =>  {true}
>  {russian/indentfirst}  =>  {true}
>  {russian/fontsetup}  =>  {true}
>  {russian/envname}  =>  {russian}
>  {russian/babelname}  =>  {russian}
>  {russian/localnumeral}  =>  {russiannumerals}
>  {russian/Localnumeral}  =>  {Russiannumerals}.


Package polyglossia Warning: No hyphenation patterns were loaded for `russian'
(polyglossia)                I will use \language=\l@nohyphenation instead on i
nput line 17.

\l@russian = a dialect from \language\l@nohyphenation 
Package polyglossia Info: Option: Russian, numerals=arabic.
(/usr/share/texlive/texmf-dist/tex/latex/polyglossia/babelsh.def
File: babelsh.def 2019/09/30 Babel common definitions for shorthands
 Taken verbatim from babel files (2019/09/27 v3.34)
)
Package polyglossia Info: Making " an active character on input line 97.
)
Package polyglossia Info: Default language is russian.

Package fontspec Info: Font family 'TimesNewRoman(0)' created for font 'Times
(fontspec)             New Roman' with options [Ligatures=TeX].
(fontspec)              
(fontspec)              This font family consists of the following NFSS
(fontspec)             series/shapes:
(fontspec)              
(fontspec)             - 'normal' (m/n) with NFSS spec.: <->"Times New
(fontspec)             Roman/OT:language=dflt;mapping=tex-text;"
(fontspec)             - 'small caps'  (m/sc) with NFSS spec.: 
(fontspec)             - 'bold' (b/n) with NFSS spec.: <->"Times New
(fontspec)             Roman/B/OT:language=dflt;mapping=tex-text;"
(fontspec)             - 'bold small caps'  (b/sc) with NFSS spec.: 
(fontspec)             - 'italic' (m/it) with NFSS spec.: <->"Times New
(fontspec)             Roman/I/OT:language=dflt;mapping=tex-text;"
(fontspec)             - 'italic small caps'  (m/scit) with NFSS spec.: 
(fontspec)             - 'bold italic' (b/it) with NFSS spec.: <->"Times New
(fontspec)             Roman/BI/OT:language=dflt;mapping=tex-text;"
(fontspec)             - 'bold italic small caps'  (b/scit) with NFSS spec.: 



Package fontspec Warning: Font "Times New Roman" does not contain requested
(fontspec)                Script "Cyrillic".


Package fontspec Info: Font family 'TimesNewRoman(1)' created for font 'Times
(fontspec)             New Roman' with options [Script=Cyrillic].
(fontspec)              
(fontspec)              This font family consists of the following NFSS
(fontspec)             series/shapes:
(fontspec)              
(fontspec)             - 'normal' (m/n) with NFSS spec.: <->"Times New
(fontspec)             Roman/OT:language=dflt;"
(fontspec)             - 'small caps'  (m/sc) with NFSS spec.: 
(fontspec)             - 'bold' (b/n) with NFSS spec.: <->"Times New
(fontspec)             Roman/B/OT:language=dflt;"
(fontspec)             - 'bold small caps'  (b/sc) with NFSS spec.: 
(fontspec)             - 'italic' (m/it) with NFSS spec.: <->"Times New
(fontspec)             Roman/I/OT:language=dflt;"
(fontspec)             - 'italic small caps'  (m/scit) with NFSS spec.: 
(fontspec)             - 'bold italic' (b/it) with NFSS spec.: <->"Times New
(fontspec)             Roman/BI/OT:language=dflt;"
(fontspec)             - 'bold italic small caps'  (b/scit) with NFSS spec.: 


Package fontspec Warning: Font "Times New Roman" does not contain requested
(fontspec)                Script "Cyrillic".


Package fontspec Warning: Font "Times New Roman" does not contain requested
(fontspec)                Script "Cyrillic".

(/usr/share/texlive/texmf-dist/tex/latex/listings/listings.sty
\lst@mode=\count275
\lst@gtempboxa=\box51
\lst@token=\toks18
\lst@length=\count276
\lst@currlwidth=\dimen142
\lst@column=\count277
\lst@pos=\count278
\lst@lostspace=\dimen143
\lst@width=\dimen144
\lst@newlines=\count279
\lst@lineno=\count280
\lst@maxwidth=\dimen145

(/usr/share/texlive/texmf-dist/tex/latex/listings/lstmisc.sty
File: lstmisc.sty 2020/03/24 1.8d (Carsten Heinz)
\c@lstnumber=\count281
\lst@skipnumbers=\count282
\lst@framebox=\box52
)
(/usr/share/texlive/texmf-dist/tex/latex/listings/listings.cfg
File: listings.cfg 2020/03/24 1.8d listings configuration
))
Package: listings 2020/03/24 1.8d (Carsten Heinz)

(/usr/share/texlive/texmf-dist/tex/latex/xcolor/xcolor.sty
Package: xcolor 2021/10/31 v2.13 LaTeX color extensions (UK)

(/usr/share/texlive/texmf-dist/tex/latex/graphics-cfg/color.cfg
File: color.cfg 2016/01/02 v1.6 sample color configuration
)
Package xcolor Info: Driver file: xetex.def on input line 227.

(/usr/share/texlive/texmf-dist/tex/latex/graphics-def/xetex.def
File: xetex.def 2021/03/18 v5.0k Graphics/color driver for xetex
)
Package xcolor Info: Model `cmy' substituted by `cmy0' on input line 1352.
Package xcolor Info: Model `RGB' extended on input line 1368.
Package xcolor Info: Model `HTML' substituted by `rgb' on input line 1370.
Package xcolor Info: Model `Hsb' substituted by `hsb' on input line 1371.
Package xcolor Info: Model `tHsb' substituted by `hsb' on input line 1372.
Package xcolor Info: Model `HSB' substituted by `hsb' on input line 1373.
Package xcolor Info: Model `Gray' substituted by `gray' on input line 1374.
Package xcolor Info: Model `wave' substituted by `hsb' on input line 1375.
)
(/usr/share/texlive/texmf-dist/tex/latex/graphics/graphicx.sty
Package: graphicx 2021/09/16 v1.2d Enhanced LaTeX Graphics (DPC,SPQR)

(/usr/share/texlive/texmf-dist/tex/latex/graphics/graphics.sty
Package: graphics 2021/03/04 v1.4d Standard LaTeX Graphics (DPC,SPQR)

(/usr/share/texlive/texmf-dist/tex/latex/graphics/trig.sty
Package: trig 2021/08/11 v1.11 sin cos tan (DPC)
)
(/usr/share/texlive/texmf-dist/tex/latex/graphics-cfg/graphics.cfg
File: graphics.cfg 2016/06/04 v1.11 sample graphics configuration
)
Package graphics Info: Driver file: xetex.def on input line 107.
)
\Gin@req@height=\dimen146
\Gin@req@width=\dimen147
)
(/usr/share/texlive/texmf-dist/tex/latex/float/float.sty
Package: float 2001/11/08 v1.3d Float enhancements (AL)
\c@float@type=\count283
\float@exts=\toks19
\float@box=\box53
\@float@everytoks=\toks20
\@floatcapt=\box54
)
(/usr/share/texlive/texmf-dist/tex/latex/caption/caption.sty
Package: caption 2020/10/26 v3.5g Customizing captions (AR)

(/usr/share/texlive/texmf-dist/tex/latex/caption/caption3.sty
Package: caption3 2020/10/21 v2.2e caption3 kernel (AR)
\captionmargin=\dimen148
\captionmargin@=\dimen149
\captionwidth=\dimen150
\caption@tempdima=\dimen151
\caption@indent=\dimen152
\caption@parindent=\dimen153
\caption@hangindent=\dimen154
Package caption Info: Standard document class detected.
)
\c@caption@flags=\count284
\c@continuedfloat=\count285
Package caption Info: float package is loaded.
Package caption Info: listings package is loaded.
)
(/usr/share/texlive/texmf-dist/tex/latex/hyperref/hyperref.sty
Package: hyperref 2021-06-07 v7.00m Hypertext links for LaTeX

(/usr/share/texlive/texmf-dist/tex/generic/ltxcmds/ltxcmds.sty
Package: ltxcmds 2020-05-10 v1.25 LaTeX kernel commands for general use (HO)
)
(/usr/share/texlive/texmf-dist/tex/generic/pdftexcmds/pdftexcmds.sty
Package: pdftexcmds 2020-06-27 v0.33 Utility functions of pdfTeX for LuaTeX (HO
)

(/usr/share/texlive/texmf-dist/tex/generic/infwarerr/infwarerr.sty
Package: infwarerr 2019/12/03 v1.5 Providing info/warning/error messages (HO)
)
Package pdftexcmds Info: \pdf@primitive is available.
Package pdftexcmds Info: \pdf@ifprimitive is available.
Package pdftexcmds Info: \pdfdraftmode not found.
)
(/usr/share/texlive/texmf-dist/tex/generic/kvsetkeys/kvsetkeys.sty
Package: kvsetkeys 2019/12/15 v1.18 Key value parser (HO)
)
(/usr/share/texlive/texmf-dist/tex/generic/kvdefinekeys/kvdefinekeys.sty
Package: kvdefinekeys 2019-12-19 v1.6 Define keys (HO)
)
(/usr/share/texlive/texmf-dist/tex/generic/pdfescape/pdfescape.sty
Package: pdfescape 2019/12/09 v1.15 Implements pdfTeX's escape features (HO)
)
(/usr/share/texlive/texmf-dist/tex/latex/hycolor/hycolor.sty
Package: hycolor 2020-01-27 v1.10 Color options for hyperref/bookmark (HO)
)
(/usr/share/texlive/texmf-dist/tex/latex/letltxmacro/letltxmacro.sty
Package: letltxmacro 2019/12/03 v1.6 Let assignment for LaTeX macros (HO)
)
(/usr/share/texlive/texmf-dist/tex/latex/auxhook/auxhook.sty
Package: auxhook 2019-12-17 v1.6 Hooks for auxiliary files (HO)
)
(/usr/share/texlive/texmf-dist/tex/latex/kvoptions/kvoptions.sty
Package: kvoptions 2020-10-07 v3.14 Key value format for package options (HO)
)
\@linkdim=\dimen155
\Hy@linkcounter=\count286
\Hy@pagecounter=\count287

(/usr/share/texlive/texmf-dist/tex/latex/hyperref/pd1enc.def
File: pd1enc.def 2021-06-07 v7.00m Hyperref: PDFDocEncoding definition (HO)
)
(/usr/share/texlive/texmf-dist/tex/latex/hyperref/hyperref-langpatches.def
File: hyperref-langpatches.def 2021-06-07 v7.00m Hyperref: patches for babel la
nguages
)
(/usr/share/texlive/texmf-dist/tex/generic/intcalc/intcalc.sty
Package: intcalc 2019/12/15 v1.3 Expandable calculations with integers (HO)
)
(/usr/share/texlive/texmf-dist/tex/generic/etexcmds/etexcmds.sty
Package: etexcmds 2019/12/15 v1.7 Avoid name clashes with e-TeX commands (HO)
)
\Hy@SavedSpaceFactor=\count288

(/usr/share/texlive/texmf-dist/tex/latex/hyperref/puenc.def
File: puenc.def 2021-06-07 v7.00m Hyperref: PDF Unicode definition (HO)
)
Package hyperref Info: Hyper figures OFF on input line 4192.
Package hyperref Info: Link nesting OFF on input line 4197.
Package hyperref Info: Hyper index ON on input line 4200.
Package hyperref Info: Plain pages OFF on input line 4207.
Package hyperref Info: Backreferencing OFF on input line 4212.
Package hyperref Info: Implicit mode ON; LaTeX internals redefined.
Package hyperref Info: Bookmarks ON on input line 4445.
\c@Hy@tempcnt=\count289

(/usr/share/texlive/texmf-dist/tex/latex/url/url.sty
\Urlmuskip=\muskip16
Package: url 2013/09/16  ver 3.4  Verb mode for urls, etc.
)
LaTeX Info: Redefining \url on input line 4804.
\XeTeXLinkMargin=\dimen156

(/usr/share/texlive/texmf-dist/tex/generic/bitset/bitset.sty
Package: bitset 2019/12/09 v1.3 Handle bit-vector datatype (HO)

(/usr/share/texlive/texmf-dist/tex/generic/bigintcalc/bigintcalc.sty
Package: bigintcalc 2019/12/15 v1.5 Expandable calculations on big integers (HO
)
))
\Fld@menulength=\count290
\Field@Width=\dimen157
\Fld@charsize=\dimen158
Package hyperref Info: Hyper figures OFF on input line 6076.
Package hyperref Info: Link nesting OFF on input line 6081.
Package hyperref Info: Hyper index ON on input line 6084.
Package hyperref Info: backreferencing OFF on input line 6091.
Package hyperref Info: Link coloring OFF on input line 6096.
Package hyperref Info: Link coloring with OCG OFF on input line 6101.
Package hyperref Info: PDF/A mode OFF on input line 6106.
LaTeX Info: Redefining \ref on input line 6146.
LaTeX Info: Redefining \pageref on input line 6150.

(/usr/share/texlive/texmf-dist/tex/latex/base/atbegshi-ltx.sty
Package: atbegshi-ltx 2021/01/10 v1.0c Emulation of the original atbegshi
package with kernel methods
)
\Hy@abspage=\count291
\c@Item=\count292
\c@Hfootnote=\count293
)
Package hyperref Info: Driver (autodetected): hxetex.

(/usr/share/texlive/texmf-dist/tex/latex/hyperref/hxetex.def
File: hxetex.def 2021-06-07 v7.00m Hyperref driver for XeTeX

(/usr/share/texlive/texmf-dist/tex/generic/stringenc/stringenc.sty
Package: stringenc 2019/11/29 v1.12 Convert strings between diff. encodings (HO
)
)
\pdfm@box=\box55
\c@Hy@AnnotLevel=\count294
\HyField@AnnotCount=\count295
\Fld@listcount=\count296
\c@bookmark@seq@number=\count297

(/usr/share/texlive/texmf-dist/tex/latex/rerunfilecheck/rerunfilecheck.sty
Package: rerunfilecheck 2019/12/05 v1.9 Rerun checks for auxiliary files (HO)

(/usr/share/texlive/texmf-dist/tex/latex/base/atveryend-ltx.sty
Package: atveryend-ltx 2020/08/19 v1.0a Emulation of the original atveryend pac
kage
with kernel methods
)
(/usr/share/texlive/texmf-dist/tex/generic/uniquecounter/uniquecounter.sty
Package: uniquecounter 2019/12/15 v1.4 Provide unlimited unique counter (HO)
)
Package uniquecounter Info: New unique counter `rerunfilecheck' on input line 2
86.
)
\Hy@SectionHShift=\skip49
)
(/usr/share/texlive/texmf-dist/tex/latex/csquotes/csquotes.sty
Package: csquotes 2021-02-22 v5.2l context-sensitive quotations (JAW)
\csq@reset=\count298
\csq@gtype=\count299
\csq@glevel=\count300
\csq@qlevel=\count301
\csq@maxlvl=\count302
\csq@tshold=\count303
\csq@ltx@everypar=\toks21

(/usr/share/texlive/texmf-dist/tex/latex/csquotes/csquotes.def
File: csquotes.def 2021-02-22 v5.2l csquotes generic definitions (JAW)
)
Package csquotes Info: Trying to load configuration file 'csquotes.cfg'...
Package csquotes Info: ... configuration file loaded successfully.

(/usr/share/texlive/texmf-dist/tex/latex/csquotes/csquotes.cfg
File: csquotes.cfg 
))
Package csquotes Info: Checking for multilingual support...
Package csquotes Info: ... found 'polyglossia' package.
Package csquotes Info: Adjusting default style.
Package csquotes Info: Redefining alias 'default' -> 'russian'.
 (./report.aux
LaTeX Info: Redefining \rmfamily on input line 20.
LaTeX Info: Redefining \sffamily on input line 20.
LaTeX Info: Redefining \ttfamily on input line 20.


LaTeX Warning: Label `fig:speedup' multiply defined.

)
\openout1 = `report.aux'.

LaTeX Font Info:    Checking defaults for OML/cmm/m/it on input line 51.
LaTeX Font Info:    ... okay on input line 51.
LaTeX Font Info:    Checking defaults for OMS/cmsy/m/n on input line 51.
LaTeX Font Info:    ... okay on input line 51.
LaTeX Font Info:    Checking defaults for OT1/cmr/m/n on input line 51.
LaTeX Font Info:    ... okay on input line 51.
LaTeX Font Info:    Checking defaults for T1/cmr/m/n on input line 51.
LaTeX Font Info:    ... okay on input line 51.
LaTeX Font Info:    Checking defaults for TS1/cmr/m/n on input line 51.
LaTeX Font Info:    Trying to load font information for TS1+cmr on input line 5
1.
 (/usr/share/texlive/texmf-dist/tex/latex/base/ts1cmr.fd
File: ts1cmr.fd 2019/12/16 v2.5j Standard LaTeX font definitions
)
LaTeX Font Info:    ... okay on input line 51.
LaTeX Font Info:    Checking defaults for TU/lmr/m/n on input line 51.
LaTeX Font Info:    ... okay on input line 51.
LaTeX Font Info:    Checking defaults for OMX/cmex/m/n on input line 51.
LaTeX Font Info:    ... okay on input line 51.
LaTeX Font Info:    Checking defaults for U/cmr/m/n on input line 51.
LaTeX Font Info:    ... okay on input line 51.
LaTeX Font Info:    Checking defaults for PD1/pdf/m/n on input line 51.
LaTeX Font Info:    ... okay on input line 51.
LaTeX Font Info:    Checking defaults for PU/pdf/m/n on input line 51.
LaTeX Font Info:    ... okay on input line 51.

Package fontspec Info: Adjusting the maths setup (use [no-math] to avoid
(fontspec)             this).

\symlegacymaths=\mathgroup4
LaTeX Font Info:    Overwriting symbol font `legacymaths' in version `bold'
(Font)                  OT1/cmr/m/n --> OT1/cmr/bx/n on input line 51.
LaTeX Font Info:    Redeclaring math accent \acute on input line 51.
LaTeX Font Info:    Redeclaring math accent \grave on input line 51.
LaTeX Font Info:    Redeclaring math accent \ddot on input line 51.
LaTeX Font Info:    Redeclaring math accent \tilde on input line 51.
LaTeX Font Info:    Redeclaring math accent \bar on input line 51.
LaTeX Font Info:    Redeclaring math accent \breve on input line 51.
LaTeX Font Info:    Redeclaring math accent \check on input line 51.
LaTeX Font Info:    Redeclaring math accent \hat on input line 51.
LaTeX Font Info:    Redeclaring math accent \dot on input line 51.
LaTeX Font Info:    Redeclaring math accent \mathring on input line 51.
LaTeX Font Info:    Redeclaring math symbol \colon on input line 51.
LaTeX Font Info:    Redeclaring math symbol \Gamma on input line 51.
LaTeX Font Info:    Redeclaring math symbol \Delta on input line 51.
LaTeX Font Info:    Redeclaring math symbol \Theta on input line 51.
LaTeX Font Info:    Redeclaring math symbol \Lambda on input line 51.
LaTeX Font Info:    Redeclaring math symbol \Xi on input line 51.
LaTeX Font Info:    Redeclaring math symbol \Pi on input line 51.
LaTeX Font Info:    Redeclaring math symbol \Sigma on input line 51.
LaTeX Font Info:    Redeclaring math symbol \Upsilon on input line 51.
LaTeX Font Info:    Redeclaring math symbol \Phi on input line 51.
LaTeX Font Info:    Redeclaring math symbol \Psi on input line 51.
LaTeX Font Info:    Redeclaring math symbol \Omega on input line 51.
LaTeX Font Info:    Redeclaring math symbol \mathdollar on input line 51.
LaTeX Font Info:    Redeclaring symbol font `operators' on input line 51.
LaTeX Font Info:    Encoding `OT1' has changed to `TU' for symbol font
(Font)              `operators' in the math version `normal' on input line 51.
LaTeX Font Info:    Overwriting symbol font `operators' in version `normal'
(Font)                  OT1/cmr/m/n --> TU/TimesNewRoman(0)/m/n on input line 5
1.
LaTeX Font Info:    Encoding `OT1' has changed to `TU' for symbol font
(Font)              `operators' in the math version `bold' on input line 51.
LaTeX Font Info:    Overwriting symbol font `operators' in version `bold'
(Font)                  OT1/cmr/bx/n --> TU/TimesNewRoman(0)/m/n on input line 
51.
LaTeX Font Info:    Overwriting symbol font `operators' in version `normal'
(Font)                  TU/TimesNewRoman(0)/m/n --> TU/TimesNewRoman(0)/m/n on 
input line 51.
LaTeX Font Info:    Overwriting math alphabet `\mathit' in version `normal'
(Font)                  OT1/cmr/m/it --> TU/TimesNewRoman(0)/m/it on input line
 51.
LaTeX Font Info:    Overwriting math alphabet `\mathbf' in version `normal'
(Font)                  OT1/cmr/bx/n --> TU/TimesNewRoman(0)/b/n on input line 
51.
LaTeX Font Info:    Overwriting math alphabet `\mathsf' in version `normal'
(Font)                  OT1/cmss/m/n --> TU/lmss/m/n on input line 51.
LaTeX Font Info:    Overwriting math alphabet `\mathtt' in version `normal'
(Font)                  OT1/cmtt/m/n --> TU/lmtt/m/n on input line 51.
LaTeX Font Info:    Overwriting symbol font `operators' in version `bold'
(Font)                  TU/TimesNewRoman(0)/m/n --> TU/TimesNewRoman(0)/b/n on 
input line 51.
LaTeX Font Info:    Overwriting math alphabet `\mathit' in version `bold'
(Font)                  OT1/cmr/bx/it --> TU/TimesNewRoman(0)/b/it on input lin
e 51.
LaTeX Font Info:    Overwriting math alphabet `\mathsf' in version `bold'
(Font)                  OT1/cmss/bx/n --> TU/lmss/b/n on input line 51.
LaTeX Font Info:    Overwriting math alphabet `\mathtt' in version `bold'
(Font)                  OT1/cmtt/m/n --> TU/lmtt/b/n on input line 51.
\c@lstlisting=\count304
Package caption Info: Begin \AtBeginDocument code.
Package caption Info: hyperref package is loaded.
Package caption Info: End \AtBeginDocument code.
Package hyperref Info: Link coloring OFF on input line 51.

(/usr/share/texlive/texmf-dist/tex/latex/hyperref/nameref.sty
Package: nameref 2021-04-02 v2.47 Cross-referencing by name of section

(/usr/share/texlive/texmf-dist/tex/latex/refcount/refcount.sty
Package: refcount 2019/12/15 v3.6 Data extraction from label references (HO)
)
(/usr/share/texlive/texmf-dist/tex/generic/gettitlestring/gettitlestring.sty
Package: gettitlestring 2019/12/15 v1.6 Cleanup title references (HO)
)
\c@section@level=\count305
)
LaTeX Info: Redefining \ref on input line 51.
LaTeX Info: Redefining \pageref on input line 51.
LaTeX Info: Redefining \nameref on input line 51.

(./report.out) (./report.out)
\@outlinefile=\write3
\openout3 = `report.out'.

LaTeX Info: Redefining \rmfamily on input line 51.
LaTeX Info: Redefining \sffamily on input line 51.
LaTeX Info: Redefining \ttfamily on input line 51.
LaTeX Info: Redefining \rmfamily on input line 51.
LaTeX Info: Redefining \sffamily on input line 51.
LaTeX Info: Redefining \ttfamily on input line 51.
 (./titlepage.tex
LaTeX Font Info:    External font `cmex10' loaded for size
(Font)              <14.4> on input line 28.
LaTeX Font Info:    External font `cmex10' loaded for size
(Font)              <7> on input line 28.
 [1

]) (./report.toc
LaTeX Info: Redefining \rmfamily on input line 1.
LaTeX Info: Redefining \sffamily on input line 1.
LaTeX Info: Redefining \ttfamily on input line 1.
LaTeX Font Info:    External font `cmex10' loaded for size
(Font)              <12> on input line 4.
LaTeX Font Info:    External font `cmex10' loaded for size
(Font)              <8> on input line 4.
LaTeX Font Info:    External font `cmex10' loaded for size
(Font)              <6> on input line 4.
)
\tf@toc=\write4
\openout4 = `report.toc'.

 [1]
(./problem.tex
Overfull \hbox (17.55078pt too wide) in paragraph at lines 2--5
[]\TU/TimesNewRoman(1)/m/n/12 Приобрести практические навыки в параллельном про
граммировании  путем
 []


Overfull \hbox (21.74023pt too wide) in paragraph at lines 7--10
[]\TU/TimesNewRoman(1)/m/n/12 Целью является приобретение практических навыков 
в: Управление потоками
 []

) [2] (./src.tex
Overfull \hbox (4.24219pt too wide) in paragraph at lines 2--9
[]\TU/TimesNewRoman(1)/m/n/12 Данная программа реализует многопоточную  четно-н
ечетную сортировку
 []


Overfull \hbox (17.69336pt too wide) in paragraph at lines 2--9
\TU/TimesNewRoman(1)/m/n/12 Бетчера с использованием  библиотеки pthread для ме
жпоточной синхронизации.
 []


Underfull \hbox (badness 10000) in paragraph at lines 10--14

 []


Underfull \hbox (badness 10000) in paragraph at lines 15--19

 []


Overfull \hbox (21.02539pt too wide) in paragraph at lines 20--22
[]\TU/TimesNewRoman(1)/m/n/12 Программа использует разделение массива на отдель
ные подотрезки, которые
 []


Overfull \hbox (0.77344pt too wide) in paragraph at lines 20--22
\TU/TimesNewRoman(1)/m/n/12 сортируются независимо,  что обеспечивает эффективн
ое распараллеливание
 []

File: ./graph1.png Graphic file (type bmp)
<./graph1.png>

Overfull \hbox (25.12958pt too wide) in paragraph at lines 36--36
[]\TU/TimesNewRoman(1)/b/n/14.4 График зависимости эффективности от количества 
потоков 
 []

File: ./graph2.png Graphic file (type bmp)
<./graph2.png>

Underfull \hbox (badness 1024) in paragraph at lines 42--42
[]\TU/TimesNewRoman(1)/m/n/12 Рис. 2: |Зависимость эффективности от количества 
потоков (Массив $\OT1/cmr/m/n/12 2[]$
 []

[3] (/usr/share/texlive/texmf-dist/tex/latex/listings/lstlang1.sty
File: lstlang1.sty 2020/03/24 1.8d listings language file
)
(/usr/share/texlive/texmf-dist/tex/latex/listings/lstlang1.sty
File: lstlang1.sty 2020/03/24 1.8d listings language file
)
(/usr/share/texlive/texmf-dist/tex/latex/listings/lstmisc.sty
File: lstmisc.sty 2020/03/24 1.8d (Carsten Heinz)
) (../src/kek.cpp
[4] [5] [6]) [7]
Overfull \hbox (21.66797pt too wide) in paragraph at lines 184--184
[]\TU/TimesNewRoman(1)/m/n/12 arch_prctl(0x3001 /* ARCH_??? */, 0x7ffda108d6f0)
 = -1 EINVAL (Invalid argument)[] 
 []


Overfull \hbox (62.59766pt too wide) in paragraph at lines 184--184
[]\TU/TimesNewRoman(1)/m/n/12 mmap(NULL, 8192, PROT_READ|PROT_WRITE, MAP_PRIVAT
E|MAP_ANONYMOUS, -
 []


Overfull \hbox (32.23438pt too wide) in paragraph at lines 184--184
[]\TU/TimesNewRoman(1)/m/n/12 newfstatat(3, "", {st_mode=S_IFREG|0644, st_size=
78560, ...}, AT_EMPTY_PATH) = 0[] 
 []


Overfull \hbox (63.93945pt too wide) in paragraph at lines 184--184
[]\TU/TimesNewRoman(1)/m/n/12 openat(AT_FDCWD, "/lib/x86_64-linux-gnu/libstdc++
.so.6", O_RDONLY|O_CLOEXEC) = 3[] 
 []


Overfull \hbox (21.6582pt too wide) in paragraph at lines 184--184
[]\TU/TimesNewRoman(1)/m/n/12 read(3, "\177ELF\2\1\1\3\0\0\0\0\0\0\0\0\3\0>\0\1
\0\0\0\0\0\0\0\0\0\0\0"..., 832) = 832[] 
 []


Overfull \hbox (44.23438pt too wide) in paragraph at lines 184--184
[]\TU/TimesNewRoman(1)/m/n/12 newfstatat(3, "", {st_mode=S_IFREG|0644, st_size=
2260296, ...}, AT_EMPTY_PATH) = 0[] 
 []


Overfull \hbox (106.58984pt too wide) in paragraph at lines 184--184
[]\TU/TimesNewRoman(1)/m/n/12 mmap(NULL, 2275520, PROT_READ, MAP_PRIVATE|MAP_DE
NYWRITE, 3, 0) = 0x78e8c7a00000[] 
 []


Overfull \hbox (329.81445pt too wide) in paragraph at lines 184--184
[]\TU/TimesNewRoman(1)/m/n/12 mmap(0x78e8c7a9a000, 1118208, PROT_READ|PROT_EXEC
, MAP_PRIVATE|MAP_FIXED|MAP_DENYWRITE, 3, 0x9a000) = 0x78e8c7a9a000[] 
 []


Overfull \hbox (261.64648pt too wide) in paragraph at lines 184--184
[]\TU/TimesNewRoman(1)/m/n/12 mmap(0x78e8c7bab000, 454656, PROT_READ, MAP_PRIVA
TE|MAP_FIXED|MAP_DENYWRITE, 3, 0x1ab000) = 0x78e8c7bab000[] 
 []


Overfull \hbox (332.70898pt too wide) in paragraph at lines 184--184
[]\TU/TimesNewRoman(1)/m/n/12 mmap(0x78e8c7c1b000, 57344, PROT_READ|PROT_WRITE,
 MAP_PRIVATE|MAP_FIXED|MAP_DENYWRITE, 3, 0x21a000) = 0x78e8c7c1b000[] 
 []


Overfull \hbox (188.32813pt too wide) in paragraph at lines 184--184
[]\TU/TimesNewRoman(1)/m/n/12 mmap(0x78e8c7c29000, 10432, PROT_READ|PROT_WRITE,
 MAP_PRIVATE|MAP_FIXED|MAP_ANONYMOUS, -
 []


Overfull \hbox (58.39648pt too wide) in paragraph at lines 184--184
[]\TU/TimesNewRoman(1)/m/n/12 openat(AT_FDCWD, "/lib/x86_64-linux-gnu/libgcc_s.
so.1", O_RDONLY|O_CLOEXEC) = 3[] 
 []


Overfull \hbox (21.6582pt too wide) in paragraph at lines 184--184
[]\TU/TimesNewRoman(1)/m/n/12 read(3, "\177ELF\2\1\1\0\0\0\0\0\0\0\0\0\3\0>\0\1
\0\0\0\0\0\0\0\0\0\0\0"..., 832) = 832[] 
 []


Overfull \hbox (38.23438pt too wide) in paragraph at lines 184--184
[]\TU/TimesNewRoman(1)/m/n/12 newfstatat(3, "", {st_mode=S_IFREG|0644, st_size=
125488, ...}, AT_EMPTY_PATH) = 0[] 
 []


Overfull \hbox (101.26367pt too wide) in paragraph at lines 184--184
[]\TU/TimesNewRoman(1)/m/n/12 mmap(NULL, 127720, PROT_READ, MAP_PRIVATE|MAP_DEN
YWRITE, 3, 0) = 0x78e8c7d84000[] 
 []


Overfull \hbox (316.07422pt too wide) in paragraph at lines 184--184
[]\TU/TimesNewRoman(1)/m/n/12 mmap(0x78e8c7d87000, 94208, PROT_READ|PROT_EXEC, 
MAP_PRIVATE|MAP_FIXED|MAP_DENYWRITE, 3, 0x3000) = 0x78e8c7d87000[] 
 []


Overfull \hbox (249.64648pt too wide) in paragraph at lines 184--184
[]\TU/TimesNewRoman(1)/m/n/12 mmap(0x78e8c7d9e000, 16384, PROT_READ, MAP_PRIVAT
E|MAP_FIXED|MAP_DENYWRITE, 3, 0x1a000) = 0x78e8c7d9e000[] 
 []


Overfull \hbox (321.38281pt too wide) in paragraph at lines 184--184
[]\TU/TimesNewRoman(1)/m/n/12 mmap(0x78e8c7da2000, 8192, PROT_READ|PROT_WRITE, 
MAP_PRIVATE|MAP_FIXED|MAP_DENYWRITE, 3, 0x1d000) = 0x78e8c7da2000[] 
 []


Overfull \hbox (36.40039pt too wide) in paragraph at lines 184--184
[]\TU/TimesNewRoman(1)/m/n/12 openat(AT_FDCWD, "/lib/x86_64-linux-gnu/libc.so.6
", O_RDONLY|O_CLOEXEC) = 3[] 
 []


Overfull \hbox (30.99805pt too wide) in paragraph at lines 184--184
[]\TU/TimesNewRoman(1)/m/n/12 read(3, "\177ELF\2\1\1\3\0\0\0\0\0\0\0\0\3\0>\0\1
\0\0\0P\237\2\0\0\0\0\0"..., 832) = 832[] 
 []


Overfull \hbox (59.04297pt too wide) in paragraph at lines 184--184
[]\TU/TimesNewRoman(1)/m/n/12 pread64(3, "\6\0\0\0\4\0\0\0@\0\0\0\0\0\0\0@\0\0\
0\0\0\0\0@\0\0\0\0\0\0\0"..., 784, 64) = 784[] 
 []


Overfull \hbox (50.55469pt too wide) in paragraph at lines 184--184
[]\TU/TimesNewRoman(1)/m/n/12 pread64(3, "\4\0\0\0 \0\0\0\5\0\0\0GNU\0\2\0\0\30
0\4\0\0\0\3\0\0\0\0\0\0\0"..., 48, 848) = 48[] 
 []


Overfull \hbox (136.41602pt too wide) in paragraph at lines 184--184
[]\TU/TimesNewRoman(1)/m/n/12 pread64(3, "\4\0\0\0\24\0\0\0\3\0\0\0GNU\0O{\f\22
5\\=\201\327\312\301P\32$\230\266\235"..., 68, 896) = 68[] 
 []


Overfull \hbox (44.23438pt too wide) in paragraph at lines 184--184
[]\TU/TimesNewRoman(1)/m/n/12 newfstatat(3, "", {st_mode=S_IFREG|0755, st_size=
2220400, ...}, AT_EMPTY_PATH) = 0[] 
 []

[8]
Overfull \hbox (59.04297pt too wide) in paragraph at lines 184--184
[]\TU/TimesNewRoman(1)/m/n/12 pread64(3, "\6\0\0\0\4\0\0\0@\0\0\0\0\0\0\0@\0\0\
0\0\0\0\0@\0\0\0\0\0\0\0"..., 784, 64) = 784[] 
 []


Overfull \hbox (107.26367pt too wide) in paragraph at lines 184--184
[]\TU/TimesNewRoman(1)/m/n/12 mmap(NULL, 2264656, PROT_READ, MAP_PRIVATE|MAP_DE
NYWRITE, 3, 0) = 0x78e8c7600000[] 
 []


Overfull \hbox (334.07422pt too wide) in paragraph at lines 184--184
[]\TU/TimesNewRoman(1)/m/n/12 mmap(0x78e8c7628000, 1658880, PROT_READ|PROT_EXEC
, MAP_PRIVATE|MAP_FIXED|MAP_DENYWRITE, 3, 0x28000) = 0x78e8c7628000[] 
 []


Overfull \hbox (263.66797pt too wide) in paragraph at lines 184--184
[]\TU/TimesNewRoman(1)/m/n/12 mmap(0x78e8c77bd000, 360448, PROT_READ, MAP_PRIVA
TE|MAP_FIXED|MAP_DENYWRITE, 3, 0x1bd000) = 0x78e8c77bd000[] 
 []


Overfull \hbox (334.73047pt too wide) in paragraph at lines 184--184
[]\TU/TimesNewRoman(1)/m/n/12 mmap(0x78e8c7816000, 24576, PROT_READ|PROT_WRITE,
 MAP_PRIVATE|MAP_FIXED|MAP_DENYWRITE, 3, 0x215000) = 0x78e8c7816000[] 
 []


Overfull \hbox (188.32813pt too wide) in paragraph at lines 184--184
[]\TU/TimesNewRoman(1)/m/n/12 mmap(0x78e8c781c000, 52816, PROT_READ|PROT_WRITE,
 MAP_PRIVATE|MAP_FIXED|MAP_ANONYMOUS, -
 []


Overfull \hbox (40.4082pt too wide) in paragraph at lines 184--184
[]\TU/TimesNewRoman(1)/m/n/12 openat(AT_FDCWD, "/lib/x86_64-linux-gnu/libm.so.6
", O_RDONLY|O_CLOEXEC) = 3[] 
 []


Overfull \hbox (21.6582pt too wide) in paragraph at lines 184--184
[]\TU/TimesNewRoman(1)/m/n/12 read(3, "\177ELF\2\1\1\3\0\0\0\0\0\0\0\0\3\0>\0\1
\0\0\0\0\0\0\0\0\0\0\0"..., 832) = 832[] 
 []


Overfull \hbox (38.23438pt too wide) in paragraph at lines 184--184
[]\TU/TimesNewRoman(1)/m/n/12 newfstatat(3, "", {st_mode=S_IFREG|0644, st_size=
940560, ...}, AT_EMPTY_PATH) = 0[] 
 []


Overfull \hbox (100.58984pt too wide) in paragraph at lines 184--184
[]\TU/TimesNewRoman(1)/m/n/12 mmap(NULL, 942344, PROT_READ, MAP_PRIVATE|MAP_DEN
YWRITE, 3, 0) = 0x78e8c7c9d000[] 
 []


Overfull \hbox (318.70508pt too wide) in paragraph at lines 184--184
[]\TU/TimesNewRoman(1)/m/n/12 mmap(0x78e8c7cab000, 507904, PROT_READ|PROT_EXEC,
 MAP_PRIVATE|MAP_FIXED|MAP_DENYWRITE, 3, 0xe000) = 0x78e8c7cab000[] 
 []


Overfull \hbox (256.99414pt too wide) in paragraph at lines 184--184
[]\TU/TimesNewRoman(1)/m/n/12 mmap(0x78e8c7d27000, 372736, PROT_READ, MAP_PRIVA
TE|MAP_FIXED|MAP_DENYWRITE, 3, 0x8a000) = 0x78e8c7d27000[] 
 []


Overfull \hbox (322.05664pt too wide) in paragraph at lines 184--184
[]\TU/TimesNewRoman(1)/m/n/12 mmap(0x78e8c7d82000, 8192, PROT_READ|PROT_WRITE, 
MAP_PRIVATE|MAP_FIXED|MAP_DENYWRITE, 3, 0xe4000) = 0x78e8c7d82000[] 
 []


Overfull \hbox (62.59766pt too wide) in paragraph at lines 184--184
[]\TU/TimesNewRoman(1)/m/n/12 mmap(NULL, 8192, PROT_READ|PROT_WRITE, MAP_PRIVAT
E|MAP_ANONYMOUS, -
 []


Overfull \hbox (62.59766pt too wide) in paragraph at lines 184--184
[]\TU/TimesNewRoman(1)/m/n/12 mmap(NULL, 8192, PROT_READ|PROT_WRITE, MAP_PRIVAT
E|MAP_ANONYMOUS, -
 []


Overfull \hbox (90.14648pt too wide) in paragraph at lines 184--184
[]\TU/TimesNewRoman(1)/m/n/12 prlimit64(0, RLIMIT_STACK, NULL, {rlim_cur=8192*1
024, rlim_max=RLIM64_INFINITY}) = 0[] 
 []


Overfull \hbox (91.8789pt too wide) in paragraph at lines 184--184
[]\TU/TimesNewRoman(1)/m/n/12 newfstatat(0, "", {st_mode=S_IFCHR|0620, st_rdev=
makedev(0x88, 0), ...}, AT_EMPTY_PATH) = 0[] 
 []


Overfull \hbox (510.90625pt too wide) in paragraph at lines 184--184
[]\TU/TimesNewRoman(1)/m/n/12 rt_sigaction(SIGRT_1, {sa_handler=0x78e8c7691870,
 sa_mask=[], sa_flags=SA_RESTORER|SA_ONSTACK|SA_RESTART|SA_SIGINFO, sa_restorer
=0x78e8c7642520}, NULL, 8) = 0[] 
 []

[9]
Overfull \hbox (76.98828pt too wide) in paragraph at lines 184--184
[]\TU/TimesNewRoman(1)/m/n/12 mmap(NULL, 8392704, PROT_NONE, MAP_PRIVATE|MAP_AN
ONYMOUS|MAP_STACK, -
 []


Overfull \hbox (1437.68945pt too wide) in paragraph at lines 184--184
[]\TU/TimesNewRoman(1)/m/n/12 clone3({flags=CLONE_VM|CLONE_FS|CLONE_FILES|CLONE
_SIGHAND|CLONE_THREAD|CLONE_SYSVSEM|CLONE_SETTLS|CLONE_PARENT_SETTID|CLONE_CHIL
D_CLEARTID, child_tid=0x78e8c75ff910, parent_tid=0x78e8c75ff910, exit_signal=0,
 stack=0x78e8c6dff000, stack_size=0x7fff00, tls=0x78e8c75ff640} => {parent_tid=
[451555]}, 88) = 451555[] 
 []


Overfull \hbox (76.98828pt too wide) in paragraph at lines 184--184
[]\TU/TimesNewRoman(1)/m/n/12 mmap(NULL, 8392704, PROT_NONE, MAP_PRIVATE|MAP_AN
ONYMOUS|MAP_STACK, -
 []


Overfull \hbox (1443.87695pt too wide) in paragraph at lines 184--184
[]\TU/TimesNewRoman(1)/m/n/12 clone3({flags=CLONE_VM|CLONE_FS|CLONE_FILES|CLONE
_SIGHAND|CLONE_THREAD|CLONE_SYSVSEM|CLONE_SETTLS|CLONE_PARENT_SETTID|CLONE_CHIL
D_CLEARTID, child_tid=0x78e8c6dfe910, parent_tid=0x78e8c6dfe910, exit_signal=0,
 stack=0x78e8c65fe000, stack_size=0x7fff00, tls=0x78e8c6dfe640} => {parent_tid=
[451556]}, 88) = 451556[] 
 []


Overfull \hbox (76.98828pt too wide) in paragraph at lines 184--184
[]\TU/TimesNewRoman(1)/m/n/12 mmap(NULL, 8392704, PROT_NONE, MAP_PRIVATE|MAP_AN
ONYMOUS|MAP_STACK, -
 []


Overfull \hbox (1446.57227pt too wide) in paragraph at lines 184--184
[]\TU/TimesNewRoman(1)/m/n/12 clone3({flags=CLONE_VM|CLONE_FS|CLONE_FILES|CLONE
_SIGHAND|CLONE_THREAD|CLONE_SYSVSEM|CLONE_SETTLS|CLONE_PARENT_SETTID|CLONE_CHIL
D_CLEARTID, child_tid=0x78e8c65fd910, parent_tid=0x78e8c65fd910, exit_signal=0,
 stack=0x78e8c5dfd000, stack_size=0x7fff00, tls=0x78e8c65fd640} => {parent_tid=
[451557]}, 88) = 451557[] 
 []


Overfull \hbox (76.98828pt too wide) in paragraph at lines 184--184
[]\TU/TimesNewRoman(1)/m/n/12 mmap(NULL, 8392704, PROT_NONE, MAP_PRIVATE|MAP_AN
ONYMOUS|MAP_STACK, -
 []


Overfull \hbox (1443.87695pt too wide) in paragraph at lines 184--184
[]\TU/TimesNewRoman(1)/m/n/12 clone3({flags=CLONE_VM|CLONE_FS|CLONE_FILES|CLONE
_SIGHAND|CLONE_THREAD|CLONE_SYSVSEM|CLONE_SETTLS|CLONE_PARENT_SETTID|CLONE_CHIL
D_CLEARTID, child_tid=0x78e8c5dfc910, parent_tid=0x78e8c5dfc910, exit_signal=0,
 stack=0x78e8c55fc000, stack_size=0x7fff00, tls=0x78e8c5dfc640} => {parent_tid=
[451558]}, 88) = 451558[] 
 []


Overfull \hbox (76.98828pt too wide) in paragraph at lines 184--184
[]\TU/TimesNewRoman(1)/m/n/12 mmap(NULL, 8392704, PROT_NONE, MAP_PRIVATE|MAP_AN
ONYMOUS|MAP_STACK, -
 []


Overfull \hbox (1446.57227pt too wide) in paragraph at lines 184--184
[]\TU/TimesNewRoman(1)/m/n/12 clone3({flags=CLONE_VM|CLONE_FS|CLONE_FILES|CLONE
_SIGHAND|CLONE_THREAD|CLONE_SYSVSEM|CLONE_SETTLS|CLONE_PARENT_SETTID|CLONE_CHIL
D_CLEARTID, child_tid=0x78e8c55fb910, parent_tid=0x78e8c55fb910, exit_signal=0,
 stack=0x78e8c4dfb000, stack_size=0x7fff00, tls=0x78e8c55fb640} => {parent_tid=
[451559]}, 88) = 451559[] 
 []


Overfull \hbox (76.98828pt too wide) in paragraph at lines 184--184
[]\TU/TimesNewRoman(1)/m/n/12 mmap(NULL, 8392704, PROT_NONE, MAP_PRIVATE|MAP_AN
ONYMOUS|MAP_STACK, -
 []


Overfull \hbox (1443.87695pt too wide) in paragraph at lines 184--184
[]\TU/TimesNewRoman(1)/m/n/12 clone3({flags=CLONE_VM|CLONE_FS|CLONE_FILES|CLONE
_SIGHAND|CLONE_THREAD|CLONE_SYSVSEM|CLONE_SETTLS|CLONE_PARENT_SETTID|CLONE_CHIL
D_CLEARTID, child_tid=0x78e8c4dfa910, parent_tid=0x78e8c4dfa910, exit_signal=0,
 stack=0x78e8c45fa000, stack_size=0x7fff00, tls=0x78e8c4dfa640} => {parent_tid=
[451560]}, 88) = 451560[] 
 []


Overfull \hbox (76.98828pt too wide) in paragraph at lines 184--184
[]\TU/TimesNewRoman(1)/m/n/12 mmap(NULL, 8392704, PROT_NONE, MAP_PRIVATE|MAP_AN
ONYMOUS|MAP_STACK, -
 []

[10]
Overfull \hbox (1433.72266pt too wide) in paragraph at lines 184--184
[]\TU/TimesNewRoman(1)/m/n/12 clone3({flags=CLONE_VM|CLONE_FS|CLONE_FILES|CLONE
_SIGHAND|CLONE_THREAD|CLONE_SYSVSEM|CLONE_SETTLS|CLONE_PARENT_SETTID|CLONE_CHIL
D_CLEARTID, child_tid=0x78e8b7fff910, parent_tid=0x78e8b7fff910, exit_signal=0,
 stack=0x78e8b77ff000, stack_size=0x7fff00, tls=0x78e8b7fff640} => {parent_tid=
[451561]}, 88) = 451561[] 
 []


Overfull \hbox (76.98828pt too wide) in paragraph at lines 184--184
[]\TU/TimesNewRoman(1)/m/n/12 mmap(NULL, 8392704, PROT_NONE, MAP_PRIVATE|MAP_AN
ONYMOUS|MAP_STACK, -
 []


Overfull \hbox (1444.35156pt too wide) in paragraph at lines 184--184
[]\TU/TimesNewRoman(1)/m/n/12 clone3({flags=CLONE_VM|CLONE_FS|CLONE_FILES|CLONE
_SIGHAND|CLONE_THREAD|CLONE_SYSVSEM|CLONE_SETTLS|CLONE_PARENT_SETTID|CLONE_CHIL
D_CLEARTID, child_tid=0x78e8b77fe910, parent_tid=0x78e8b77fe910, exit_signal=0,
 stack=0x78e8b6ffe000, stack_size=0x7fff00, tls=0x78e8b77fe640} => {parent_tid=
[451562]}, 88) = 451562[] 
 []


Overfull \hbox (264.23438pt too wide) in paragraph at lines 184--184
[]\TU/TimesNewRoman(1)/m/n/12 futex(0x78e8b7fff910, FUTEX_WAIT_BITSET|FUTEX_CLO
CK_REALTIME, 451561, NULL, FUTEX_BITSET_MATCH_ANY) = 0[] 
 []


Overfull \hbox (268.00195pt too wide) in paragraph at lines 184--184
[]\TU/TimesNewRoman(1)/m/n/12 futex(0x78e8b77fe910, FUTEX_WAIT_BITSET|FUTEX_CLO
CK_REALTIME, 451562, NULL, FUTEX_BITSET_MATCH_ANY) = 0[] 
 []


Overfull \hbox (91.8789pt too wide) in paragraph at lines 184--184
[]\TU/TimesNewRoman(1)/m/n/12 newfstatat(1, "", {st_mode=S_IFCHR|0620, st_rdev=
makedev(0x88, 0), ...}, AT_EMPTY_PATH) = 0[] 
 []


Overfull \hbox (11.00195pt too wide) in paragraph at lines 186--187
[]\TU/TimesNewRoman(1)/m/n/12 Программа демонстрирует корректную работу механиз
ма многопоточности
 []

) [11] (./benchmark.tex)
Overfull \hbox (6.49023pt too wide) in paragraph at lines 2--65
[]\TU/TimesNewRoman(1)/m/n/12 Разработанная программа успешно реализует многопо
точную архитектуру
 []


Overfull \hbox (24.55273pt too wide) in paragraph at lines 2--65
\TU/TimesNewRoman(1)/m/n/12 Реализовано эффективное распределение работы между 
потоками по подотрезкам
 []


Overfull \hbox (14.75195pt too wide) in paragraph at lines 2--65
\TU/TimesNewRoman(1)/m/n/12 Достигнута синхронизация потоков через механизм joi
n и ожидание завершения 
 []


Overfull \hbox (10.57422pt too wide) in paragraph at lines 2--65
\TU/TimesNewRoman(1)/m/n/12 Реализована унифицированная абстракция для работы с
 потоками через pthread
 []


Underfull \hbox (badness 10000) in paragraph at lines 2--65

 []

[12] (./thinks.tex)
Overfull \hbox (5.58104pt too wide) in paragraph at lines 3--69
[]\TU/TimesNewRoman(1)/m/n/12 В ходе лабораторной работы успешно разработана мн
огопоточная  система
 []


Overfull \hbox (30.88477pt too wide) in paragraph at lines 3--69
\TU/TimesNewRoman(1)/m/n/12 четно-нечетной сортировки целочисленного массива с 
использованием библиотеки
 []


Overfull \hbox (18.50195pt too wide) in paragraph at lines 3--69
\TU/TimesNewRoman(1)/m/n/12 pthread.  Программа демонстрирует корректную работу
 в многопоточном режиме
 []

(./literature.tex
Overfull \hbox (16.60742pt too wide) in paragraph at lines 6--7
[]\TU/TimesNewRoman(1)/m/n/12 pthread_create() - создание потоков для параллель
ной сортировки массивов 
 []


Overfull \hbox (11.00195pt too wide) in paragraph at lines 15--16
[]\TU/TimesNewRoman(1)/m/n/12 Программа демонстрирует корректную работу механиз
ма многопоточности
 []

) [13]
The property list \polyglossia@langsetup contains the pairs (without outer
braces):
>  {latex/script}  =>  {latin}
>  {latex/lcscript}  =>  {latin}
>  {latex/scripttag}  =>  {}
>  {latex/language}  =>  {Latex}
>  {latex/langtag}  =>  {ENG}
>  {latex/bcp47}  =>  {}
>  {latex/hyphennames}  =>  {english}
>  {latex/direction}  =>  {LR}
>  {latex/hyphenmins}  =>  {2,3}
>  {latex/frenchspacing}  =>  {false}
>  {latex/indentfirst}  =>  {false}
>  {latex/fontsetup}  =>  {true}
>  {latex/envname}  =>  {latex}
>  {latex/babelname}  =>  {latex}
>  {latex/localnumeral}  =>  {polyglossia@C@localnumeral}
>  {latex/Localnumeral}  =>  {polyglossia@C@localnumeral}
>  {russian/script}  =>  {Cyrillic}
>  {russian/lcscript}  =>  {cyrillic}
>  {russian/scripttag}  =>  {cyrl}
>  {russian/language}  =>  {Russian}
>  {russian/langtag}  =>  {RUS}
>  {russian/bcp47}  =>  {ru}
>  {russian/hyphennames}  =>  {russian}
>  {russian/direction}  =>  {LR}
>  {russian/hyphenmins}  =>  {2,2}
>  {russian/frenchspacing}  =>  {true}
>  {russian/indentfirst}  =>  {true}
>  {russian/fontsetup}  =>  {true}
>  {russian/envname}  =>  {russian}
>  {russian/babelname}  =>  {russian}
>  {russian/localnumeral}  =>  {russiannumerals}
>  {russian/Localnumeral}  =>  {Russiannumerals}.
 (./report.aux
LaTeX Info: Redefining \rmfamily on input line 20.
LaTeX Info: Redefining \sffamily on input line 20.
LaTeX Info: Redefining \ttfamily on input line 20.
)

LaTeX Warning: There were multiply-defined labels.

Package rerunfilecheck Info: File `report.out' has not changed.
(rerunfilecheck)             Checksum: F0083EE4B0F3E1049FA878BFFF1DA8B3;2215.
 ) 
Here is how much of TeX's memory you used:
 15976 strings out of 478190
 315049 string characters out of 5854826
 1232825 words of memory out of 5000000
 36351 multiletter control sequences out of 15000+600000
 473492 words of font info for 69 fonts, out of 8000000 for 9000
 14 hyphenation exceptions out of 8191
 73i,6n,117p,530b,2092s stack positions out of 5000i,500n,10000p,200000b,80000s

Output written on report.pdf (14 pages).
